<?xml version="1.0" encoding="UTF-8"?>
<!-- Generated by org.testng.reporters.JUnitReportReporter -->
<testsuite skipped="0" hostname="Surajs-MacBook-Pro.local" name="com.qa.demoqa.tests.WidgetsTest" tests="9" failures="0" timestamp="2020-08-09T14:58:06 NPT" time="159.605" errors="0">
  <testcase name="clickAccordianTest" time="29.636" classname="com.qa.demoqa.tests.WidgetsTest"/>
  <system-out/>
  <testcase name="clickAutoCompleteTest" time="29.912" classname="com.qa.demoqa.tests.WidgetsTest"/>
  <system-out/>
  <testcase name="clickDatePickerTest" time="10.013" classname="com.qa.demoqa.tests.WidgetsTest"/>
  <system-out/>
  <testcase name="clickSliderTest" time="30.006" classname="com.qa.demoqa.tests.WidgetsTest"/>
  <system-out/>
  <testcase name="clickProgressBarTest" time="10.015" classname="com.qa.demoqa.tests.WidgetsTest"/>
  <system-out/>
  <testcase name="clickTabsTest" time="14.984" classname="com.qa.demoqa.tests.WidgetsTest"/>
  <system-out/>
  <testcase name="clickToolTipsTest" time="15.129" classname="com.qa.demoqa.tests.WidgetsTest"/>
  <system-out/>
  <testcase name="clickMenuTest" time="9.892" classname="com.qa.demoqa.tests.WidgetsTest"/>
  <system-out/>
  <testcase name="clickSelectMenuTest" time="10.018" classname="com.qa.demoqa.tests.WidgetsTest"/>
  <system-out/>
</testsuite> <!-- com.qa.demoqa.tests.WidgetsTest -->
