<?xml version="1.0" encoding="UTF-8"?>
<!-- Generated by org.testng.reporters.JUnitReportReporter -->
<testsuite skipped="0" hostname="Surajs-MacBook-Pro.local" name="com.qa.demoqa.tests.AlertFrameWindowsTest" tests="5" failures="0" timestamp="2020-08-09T14:58:11 NPT" time="119.000" errors="0">
  <testcase name="clickBrowserWindowsTest" time="39.927" classname="com.qa.demoqa.tests.AlertFrameWindowsTest"/>
  <system-out/>
  <testcase name="clickAlertTest" time="13.414" classname="com.qa.demoqa.tests.AlertFrameWindowsTest"/>
  <system-out/>
  <testcase name="clickFramesTest" time="25.741" classname="com.qa.demoqa.tests.AlertFrameWindowsTest"/>
  <system-out/>
  <testcase name="clickNestedFramesTest" time="9.294" classname="com.qa.demoqa.tests.AlertFrameWindowsTest"/>
  <system-out/>
  <testcase name="clickModalDialogsTest" time="30.624" classname="com.qa.demoqa.tests.AlertFrameWindowsTest"/>
  <system-out/>
</testsuite> <!-- com.qa.demoqa.tests.AlertFrameWindowsTest -->
