<?xml version="1.0" encoding="UTF-8"?>
<!-- Generated by org.testng.reporters.JUnitReportReporter -->
<testsuite skipped="0" hostname="Surajs-MacBook-Pro.local" name="com.qa.demoqa.tests.AlertsTest" tests="1" failures="0" timestamp="2020-08-12T21:34:28 NPT" time="15.174" errors="0">
  <testcase name="timeAlertTest" time="15.174" classname="com.qa.demoqa.tests.AlertsTest"/>
  <system-out/>
</testsuite> <!-- com.qa.demoqa.tests.AlertsTest -->
