<?xml version="1.0" encoding="UTF-8"?>
<!-- Generated by org.testng.reporters.JUnitReportReporter -->
<testsuite skipped="0" hostname="Surajs-MacBook-Pro.local" name="com.qa.demoqa.tests.SliderTest" tests="1" failures="0" timestamp="2020-08-07T21:27:19 NPT" time="25.860" errors="0">
  <testcase name="sliderTest" time="25.860" classname="com.qa.demoqa.tests.SliderTest"/>
  <system-out/>
</testsuite> <!-- com.qa.demoqa.tests.SliderTest -->
