<?xml version="1.0" encoding="UTF-8"?>
<!-- Generated by org.testng.reporters.JUnitReportReporter -->
<testsuite skipped="0" hostname="Surajs-MacBook-Pro.local" name="com.qa.demoqa.tests.AutoCompleteTest" tests="1" failures="0" timestamp="2020-08-08T17:38:01 NPT" time="10.461" errors="0">
  <testcase name="autoCompleteTest" time="10.461" classname="com.qa.demoqa.tests.AutoCompleteTest"/>
  <system-out/>
</testsuite> <!-- com.qa.demoqa.tests.AutoCompleteTest -->
