<?xml version="1.0" encoding="UTF-8"?>
<!-- Generated by org.testng.reporters.JUnitReportReporter -->
<testsuite skipped="0" hostname="Surajs-MacBook-Pro.local" name="com.qa.demoqa.tests.RadioButtonTest" tests="1" failures="0" timestamp="2020-08-05T22:39:33 NPT" time="10.153" errors="0">
  <testcase name="verifyRadioButtonTest" time="10.153" classname="com.qa.demoqa.tests.RadioButtonTest"/>
  <system-out/>
</testsuite> <!-- com.qa.demoqa.tests.RadioButtonTest -->
