<?xml version="1.0" encoding="UTF-8"?>
<!-- Generated by org.testng.reporters.JUnitReportReporter -->
<testsuite skipped="0" hostname="Surajs-MacBook-Pro.local" name="com.qa.demoqa.tests.NestedFramesTest" tests="1" failures="0" timestamp="2020-08-06T22:09:41 NPT" time="10.160" errors="0">
  <testcase name="framesTest" time="10.160" classname="com.qa.demoqa.tests.NestedFramesTest"/>
  <system-out/>
</testsuite> <!-- com.qa.demoqa.tests.NestedFramesTest -->
