<?xml version="1.0" encoding="UTF-8"?>
<!-- Generated by org.testng.reporters.JUnitReportReporter -->
<testsuite skipped="0" hostname="Surajs-MacBook-Pro.local" name="com.qa.demoqa.tests.PracticeFormTest" tests="3" failures="0" timestamp="2020-08-09T18:27:14 NPT" time="33.723" errors="0">
  <testcase name="practiceFormTest" time="14.912" classname="com.qa.demoqa.tests.PracticeFormTest"/>
  <system-out/>
  <testcase name="practiceFormTestDDT" time="9.482" classname="com.qa.demoqa.tests.PracticeFormTest"/>
  <system-out/>
  <testcase name="practiceFormTestDDT" time="9.329" classname="com.qa.demoqa.tests.PracticeFormTest"/>
  <system-out/>
</testsuite> <!-- com.qa.demoqa.tests.PracticeFormTest -->
