<?xml version="1.0" encoding="UTF-8"?>
<!-- Generated by org.testng.reporters.JUnitReportReporter -->
<testsuite skipped="0" hostname="Surajs-MacBook-Pro.local" name="com.qa.demoqa.tests.AccordianTest" tests="1" failures="0" timestamp="2020-08-06T22:54:09 NPT" time="12.233" errors="0">
  <testcase name="accordianTest" time="12.233" classname="com.qa.demoqa.tests.AccordianTest"/>
  <system-out/>
</testsuite> <!-- com.qa.demoqa.tests.AccordianTest -->
