<?xml version="1.0" encoding="UTF-8"?>
<!-- Generated by org.testng.reporters.JUnitReportReporter -->
<testsuite skipped="0" hostname="Surajs-MacBook-Pro.local" name="com.qa.demoqa.tests.SelectableTest" tests="1" failures="0" timestamp="2020-08-08T20:51:46 NPT" time="10.182" errors="0">
  <testcase name="selectableTest" time="10.182" classname="com.qa.demoqa.tests.SelectableTest"/>
  <system-out/>
</testsuite> <!-- com.qa.demoqa.tests.SelectableTest -->
