<?xml version="1.0" encoding="UTF-8"?>
<!-- Generated by org.testng.reporters.JUnitReportReporter -->
<testsuite skipped="0" hostname="Surajs-MacBook-Pro.local" name="com.qa.demoqa.tests.SelectMenuTest" tests="1" failures="0" timestamp="2020-08-09T16:22:37 NPT" time="10.268" errors="0">
  <testcase name="selectMenuTest" time="10.268" classname="com.qa.demoqa.tests.SelectMenuTest"/>
  <system-out/>
</testsuite> <!-- com.qa.demoqa.tests.SelectMenuTest -->
