<?xml version="1.0" encoding="UTF-8"?>
<!-- Generated by org.testng.reporters.JUnitReportReporter -->
<testsuite skipped="0" hostname="Surajs-MacBook-Pro.local" name="com.qa.demoqa.tests.MenuTest" tests="1" failures="0" timestamp="2020-08-08T16:57:20 NPT" time="14.906" errors="0">
  <testcase name="menuTest" time="14.906" classname="com.qa.demoqa.tests.MenuTest"/>
  <system-out/>
</testsuite> <!-- com.qa.demoqa.tests.MenuTest -->
