<?xml version="1.0" encoding="UTF-8"?>
<!-- Generated by org.testng.reporters.JUnitReportReporter -->
<testsuite skipped="0" hostname="Surajs-MacBook-Pro.local" name="com.qa.demoqa.tests.ModalDialogsTest" tests="2" failures="0" timestamp="2020-08-06T22:13:59 NPT" time="15.332" errors="0">
  <testcase name="largeModalDialogsTest" time="10.199" classname="com.qa.demoqa.tests.ModalDialogsTest"/>
  <system-out/>
  <testcase name="smallModalDialogsTest" time="5.133" classname="com.qa.demoqa.tests.ModalDialogsTest"/>
  <system-out/>
</testsuite> <!-- com.qa.demoqa.tests.ModalDialogsTest -->
