<?xml version="1.0" encoding="UTF-8"?>
<!-- Generated by org.testng.reporters.JUnitReportReporter -->
<testsuite skipped="0" hostname="Surajs-MacBook-Pro.local" name="com.qa.demoqa.tests.ProgressBarTest" tests="1" failures="0" timestamp="2020-08-08T16:35:27 NPT" time="20.433" errors="0">
  <testcase name="progressBarTest" time="20.433" classname="com.qa.demoqa.tests.ProgressBarTest"/>
  <system-out/>
</testsuite> <!-- com.qa.demoqa.tests.ProgressBarTest -->
