<?xml version="1.0" encoding="UTF-8"?>
<!-- Generated by org.testng.reporters.JUnitReportReporter -->
<testsuite skipped="0" hostname="Surajs-MacBook-Pro.local" name="com.qa.demoqa.tests.HomePageTest" tests="3" failures="0" timestamp="2020-08-09T14:57:46 NPT" time="78.655" errors="0">
  <testcase name="verifyHomePageTitleTest" time="33.580" classname="com.qa.demoqa.tests.HomePageTest"/>
  <system-out/>
  <testcase name="verifyElementsIsPresentTest" time="20.028" classname="com.qa.demoqa.tests.HomePageTest"/>
  <system-out/>
  <testcase name="verifyElementsClickTest" time="25.047" classname="com.qa.demoqa.tests.HomePageTest"/>
  <system-out/>
</testsuite> <!-- com.qa.demoqa.tests.HomePageTest -->
