<?xml version="1.0" encoding="UTF-8"?>
<!-- Generated by org.testng.reporters.JUnitReportReporter -->
<testsuite skipped="0" hostname="Surajs-MacBook-Pro.local" name="com.qa.demoqa.tests.LinkTest" tests="2" failures="0" timestamp="2020-08-06T19:25:54 NPT" time="16.795" errors="0">
  <testcase name="simpleLinkTest" time="5.782" classname="com.qa.demoqa.tests.LinkTest"/>
  <system-out/>
  <testcase name="dynamicLinkTest" time="11.013" classname="com.qa.demoqa.tests.LinkTest"/>
  <system-out/>
</testsuite> <!-- com.qa.demoqa.tests.LinkTest -->
