<?xml version="1.0" encoding="UTF-8"?>
<!-- Generated by org.testng.reporters.JUnitReportReporter -->
<testsuite skipped="0" hostname="Surajs-MacBook-Pro.local" name="com.qa.demoqa.tests.UploadFileTest" tests="1" failures="0" timestamp="2020-08-06T17:25:47 NPT" time="11.094" errors="0">
  <testcase name="testDoubleClick" time="11.094" classname="com.qa.demoqa.tests.UploadFileTest"/>
  <system-out/>
</testsuite> <!-- com.qa.demoqa.tests.UploadFileTest -->
