<?xml version="1.0" encoding="UTF-8"?>
<!-- Generated by org.testng.reporters.JUnitReportReporter -->
<testsuite skipped="0" hostname="Surajs-MacBook-Pro.local" name="com.qa.demoqa.tests.TabsTest" tests="1" failures="0" timestamp="2020-08-08T16:45:17 NPT" time="13.243" errors="0">
  <testcase name="tabTest" time="13.243" classname="com.qa.demoqa.tests.TabsTest"/>
  <system-out/>
</testsuite> <!-- com.qa.demoqa.tests.TabsTest -->
