<?xml version="1.0" encoding="UTF-8"?>
<!-- Generated by org.testng.reporters.JUnitReportReporter -->
<testsuite skipped="1" hostname="Surajs-MacBook-Pro.local" name="com.qa.demoqa.tests.BrowserWindowTest" tests="3" failures="0" timestamp="2020-08-06T20:51:29 NPT" time="13.103" errors="0">
  <testcase name="newTabTest" time="5.530" classname="com.qa.demoqa.tests.BrowserWindowTest"/>
  <system-out/>
  <testcase name="newWindowTest" time="7.573" classname="com.qa.demoqa.tests.BrowserWindowTest"/>
  <system-out/>
  <testcase name="newWindowMessageTest" classname="com.qa.demoqa.tests.BrowserWindowTest">
    <skipped/>
  </testcase> <!-- newWindowMessageTest -->
  <system-out/>
</testsuite> <!-- com.qa.demoqa.tests.BrowserWindowTest -->
