<?xml version="1.0" encoding="UTF-8"?>
<!-- Generated by org.testng.reporters.JUnitReportReporter -->
<testsuite skipped="0" hostname="Surajs-MacBook-Pro.local" name="com.qa.demoqa.tests.DatePickerTest" tests="1" failures="0" timestamp="2020-08-07T21:20:25 NPT" time="11.509" errors="0">
  <testcase name="selectDateAndTimeTest" time="11.509" classname="com.qa.demoqa.tests.DatePickerTest"/>
  <system-out/>
</testsuite> <!-- com.qa.demoqa.tests.DatePickerTest -->
