<?xml version="1.0" encoding="UTF-8"?>
<!-- Generated by org.testng.reporters.JUnitReportReporter -->
<testsuite skipped="0" hostname="Surajs-MacBook-Pro.local" name="com.qa.demoqa.tests.FramesTest" tests="1" failures="0" timestamp="2020-08-06T22:09:13 NPT" time="10.169" errors="0">
  <testcase name="framesTest" time="10.169" classname="com.qa.demoqa.tests.FramesTest"/>
  <system-out/>
</testsuite> <!-- com.qa.demoqa.tests.FramesTest -->
