<?xml version="1.0" encoding="UTF-8"?>
<!-- Generated by org.testng.reporters.JUnitReportReporter -->
<testsuite skipped="0" hostname="Surajs-MacBook-Pro.local" name="com.qa.demoqa.tests.ElementsTest" tests="1" failures="0" timestamp="2020-08-09T14:58:01 NPT" time="64.721" errors="0">
  <testcase name="clickTextBoxTest" time="64.721" classname="com.qa.demoqa.tests.ElementsTest"/>
  <system-out/>
</testsuite> <!-- com.qa.demoqa.tests.ElementsTest -->
