<?xml version="1.0" encoding="UTF-8"?>
<!-- Generated by org.testng.reporters.JUnitReportReporter -->
<testsuite skipped="1" hostname="Surajs-MacBook-Pro.local" name="com.qa.demoqa.tests.PracticeFormTest" tests="3" failures="0" timestamp="2020-08-06T19:17:47 NPT" time="19.359" errors="0">
  <testcase name="practiceFormTestDDT" time="9.723" classname="com.qa.demoqa.tests.PracticeFormTest"/>
  <system-out/>
  <testcase name="practiceFormTestDDT" time="9.636" classname="com.qa.demoqa.tests.PracticeFormTest"/>
  <system-out/>
  <testcase name="practiceFormTest" classname="com.qa.demoqa.tests.PracticeFormTest">
    <skipped/>
  </testcase> <!-- practiceFormTest -->
  <system-out/>
</testsuite> <!-- com.qa.demoqa.tests.PracticeFormTest -->
