<?xml version="1.0" encoding="UTF-8"?>
<!-- Generated by org.testng.reporters.JUnitReportReporter -->
<testsuite skipped="0" hostname="Surajs-MacBook-Pro.local" name="com.qa.demoqa.tests.SortableTest" tests="1" failures="0" timestamp="2020-08-08T20:44:54 NPT" time="10.606" errors="0">
  <testcase name="selectMenuTest" time="10.606" classname="com.qa.demoqa.tests.SortableTest"/>
  <system-out/>
</testsuite> <!-- com.qa.demoqa.tests.SortableTest -->
