<?xml version="1.0" encoding="UTF-8"?>
<!-- Generated by org.testng.reporters.JUnitReportReporter -->
<testsuite skipped="0" hostname="Surajs-MacBook-Pro.local" name="com.qa.demoqa.tests.CheckBoxTest" tests="1" failures="0" timestamp="2020-08-05T22:20:22 NPT" time="10.152" errors="0">
  <testcase name="verifyCheckBoxSelectTest" time="10.152" classname="com.qa.demoqa.tests.CheckBoxTest"/>
  <system-out/>
</testsuite> <!-- com.qa.demoqa.tests.CheckBoxTest -->
