<?xml version="1.0" encoding="UTF-8"?>
<!-- Generated by org.testng.reporters.JUnitReportReporter -->
<testsuite skipped="0" hostname="Surajs-MacBook-Pro.local" name="com.qa.demoqa.tests.ResizableTest" tests="2" failures="0" timestamp="2020-08-08T21:00:59 NPT" time="15.808" errors="0">
  <testcase name="resizableTest" time="5.338" classname="com.qa.demoqa.tests.ResizableTest"/>
  <system-out/>
  <testcase name="resizableBoxTest" time="10.470" classname="com.qa.demoqa.tests.ResizableTest"/>
  <system-out/>
</testsuite> <!-- com.qa.demoqa.tests.ResizableTest -->
