<?xml version="1.0" encoding="UTF-8"?>
<!-- Generated by org.testng.reporters.JUnitReportReporter -->
<testsuite skipped="0" hostname="Surajs-MacBook-Pro.local" name="com.qa.demoqa.tests.TextBoxTest" tests="1" failures="0" timestamp="2020-08-05T22:09:31 NPT" time="10.400" errors="0">
  <testcase name="textBoxTest" time="10.400" classname="com.qa.demoqa.tests.TextBoxTest"/>
  <system-out/>
</testsuite> <!-- com.qa.demoqa.tests.TextBoxTest -->
