<?xml version="1.0" encoding="UTF-8"?>
<!-- Generated by org.testng.reporters.JUnitReportReporter -->
<testsuite skipped="0" hostname="Surajs-MacBook-Pro.local" name="com.qa.demoqa.tests.DroppableTest" tests="2" failures="0" timestamp="2020-08-08T21:17:59 NPT" time="15.928" errors="0">
  <testcase name="simpleDroppableTest" time="10.333" classname="com.qa.demoqa.tests.DroppableTest"/>
  <system-out/>
  <testcase name="acceptDroppableTest" time="5.595" classname="com.qa.demoqa.tests.DroppableTest"/>
  <system-out/>
</testsuite> <!-- com.qa.demoqa.tests.DroppableTest -->
