<?xml version="1.0" encoding="UTF-8"?>
<!-- Generated by org.testng.reporters.JUnitReportReporter -->
<testsuite skipped="0" hostname="Surajs-MacBook-Pro.local" name="com.qa.demoqa.tests.ButtonsTest" tests="3" failures="0" timestamp="2020-08-06T16:21:57 NPT" time="20.561" errors="0">
  <testcase name="testDoubleClick" time="10.325" classname="com.qa.demoqa.tests.ButtonsTest"/>
  <system-out/>
  <testcase name="testRightClick" time="5.169" classname="com.qa.demoqa.tests.ButtonsTest"/>
  <system-out/>
  <testcase name="testButtonClick" time="5.067" classname="com.qa.demoqa.tests.ButtonsTest"/>
  <system-out/>
</testsuite> <!-- com.qa.demoqa.tests.ButtonsTest -->
