<?xml version="1.0" encoding="UTF-8"?>
<!-- Generated by org.testng.reporters.JUnitReportReporter -->
<testsuite skipped="0" hostname="Surajs-MacBook-Pro.local" name="com.qa.demoqa.tests.FormTest" tests="1" failures="0" timestamp="2020-08-09T14:57:51 NPT" time="45.137" errors="0">
  <testcase name="formClickTest" time="45.137" classname="com.qa.demoqa.tests.FormTest"/>
  <system-out/>
</testsuite> <!-- com.qa.demoqa.tests.FormTest -->
