<?xml version="1.0" encoding="UTF-8"?>
<!-- Generated by org.testng.reporters.JUnitReportReporter -->
<testsuite skipped="0" hostname="Surajs-MacBook-Pro.local" name="com.qa.demoqa.tests.WebTableTest" tests="5" failures="0" timestamp="2020-08-06T15:34:50 NPT" time="30.961" errors="0">
  <testcase name="verifyWebTableTest" time="10.592" classname="com.qa.demoqa.tests.WebTableTest"/>
  <system-out/>
  <testcase name="verifyNameAddedTest" time="5.033" classname="com.qa.demoqa.tests.WebTableTest"/>
  <system-out/>
  <testcase name="verifyEditValueTest" time="5.205" classname="com.qa.demoqa.tests.WebTableTest"/>
  <system-out/>
  <testcase name="verifyValueEditedTest" time="5.070" classname="com.qa.demoqa.tests.WebTableTest"/>
  <system-out/>
  <testcase name="deleteRecordTest" time="5.061" classname="com.qa.demoqa.tests.WebTableTest"/>
  <system-out/>
</testsuite> <!-- com.qa.demoqa.tests.WebTableTest -->
