<?xml version="1.0" encoding="UTF-8"?>
<!-- Generated by org.testng.reporters.JUnitReportReporter -->
<testsuite skipped="0" hostname="Surajs-MacBook-Pro.local" name="com.qa.demoqa.tests.DraggableTest" tests="2" failures="0" timestamp="2020-08-08T21:43:27 NPT" time="16.269" errors="0">
  <testcase name="simpleDraggableTest" time="10.439" classname="com.qa.demoqa.tests.DraggableTest"/>
  <system-out/>
  <testcase name="axisDraggableTest" time="5.830" classname="com.qa.demoqa.tests.DraggableTest"/>
  <system-out/>
</testsuite> <!-- com.qa.demoqa.tests.DraggableTest -->
