<?xml version="1.0" encoding="UTF-8"?>
<!-- Generated by org.testng.reporters.JUnitReportReporter -->
<testsuite skipped="0" hostname="Surajs-MacBook-Pro.local" name="com.qa.demoqa.tests.InteractionsTest" tests="5" failures="0" timestamp="2020-08-09T14:57:56 NPT" time="75.556" errors="0">
  <testcase name="clickSortableTest" time="30.519" classname="com.qa.demoqa.tests.InteractionsTest"/>
  <system-out/>
  <testcase name="clickSelectableTest" time="15.010" classname="com.qa.demoqa.tests.InteractionsTest"/>
  <system-out/>
  <testcase name="clickResizableTest" time="10.012" classname="com.qa.demoqa.tests.InteractionsTest"/>
  <system-out/>
  <testcase name="clickDroppableTest" time="10.012" classname="com.qa.demoqa.tests.InteractionsTest"/>
  <system-out/>
  <testcase name="clickDraggableTest" time="10.003" classname="com.qa.demoqa.tests.InteractionsTest"/>
  <system-out/>
</testsuite> <!-- com.qa.demoqa.tests.InteractionsTest -->
