<?xml version="1.0" encoding="UTF-8"?>
<!-- Generated by org.testng.reporters.JUnitReportReporter -->
<testsuite skipped="0" hostname="Surajs-MacBook-Pro.local" name="com.qa.demoqa.tests.AlertsTest" tests="4" failures="0" timestamp="2020-08-06T21:58:21 NPT" time="31.724" errors="0">
  <testcase name="seeAlertTest" time="5.062" classname="com.qa.demoqa.tests.AlertsTest"/>
  <system-out/>
  <testcase name="promptBoxAlertTest" time="5.270" classname="com.qa.demoqa.tests.AlertsTest"/>
  <system-out/>
  <testcase name="timeAlertTest" time="11.058" classname="com.qa.demoqa.tests.AlertsTest"/>
  <system-out/>
  <testcase name="confirmBoxAlertTest" time="10.334" classname="com.qa.demoqa.tests.AlertsTest"/>
  <system-out/>
</testsuite> <!-- com.qa.demoqa.tests.AlertsTest -->
