<?xml version="1.0" encoding="UTF-8"?>
<!-- Generated by org.testng.reporters.JUnitReportReporter -->
<testsuite skipped="0" hostname="Surajs-MacBook-Pro.local" name="com.qa.demoqa.tests.WidgetsTest" tests="9" failures="0" timestamp="09 Aug 2020 11:15:34 GMT" time="45.557" errors="0">
  <testcase name="clickAccordianTest" time="5.057" classname="com.qa.demoqa.tests.WidgetsTest"/>
  <testcase name="clickAutoCompleteTest" time="5.069" classname="com.qa.demoqa.tests.WidgetsTest"/>
  <testcase name="clickDatePickerTest" time="5.077" classname="com.qa.demoqa.tests.WidgetsTest"/>
  <testcase name="clickSliderTest" time="5.057" classname="com.qa.demoqa.tests.WidgetsTest"/>
  <testcase name="clickProgressBarTest" time="5.056" classname="com.qa.demoqa.tests.WidgetsTest"/>
  <testcase name="clickTabsTest" time="5.029" classname="com.qa.demoqa.tests.WidgetsTest"/>
  <testcase name="clickToolTipsTest" time="5.138" classname="com.qa.demoqa.tests.WidgetsTest"/>
  <testcase name="clickMenuTest" time="5.038" classname="com.qa.demoqa.tests.WidgetsTest"/>
  <testcase name="clickSelectMenuTest" time="5.036" classname="com.qa.demoqa.tests.WidgetsTest"/>
</testsuite> <!-- com.qa.demoqa.tests.WidgetsTest -->
