<?xml version="1.0" encoding="UTF-8"?>
<!-- Generated by org.testng.reporters.JUnitReportReporter -->
<testsuite skipped="0" hostname="Surajs-MacBook-Pro.local" name="com.qa.demoqa.tests.HomePageTest" tests="3" failures="0" timestamp="09 Aug 2020 11:15:14 GMT" time="20.201" errors="0">
  <testcase name="verifyHomePageTitleTest" time="10.064" classname="com.qa.demoqa.tests.HomePageTest"/>
  <testcase name="verifyElementsIsPresentTest" time="5.057" classname="com.qa.demoqa.tests.HomePageTest"/>
  <testcase name="verifyElementsClickTest" time="5.080" classname="com.qa.demoqa.tests.HomePageTest"/>
</testsuite> <!-- com.qa.demoqa.tests.HomePageTest -->
