<?xml version="1.0" encoding="UTF-8"?>
<!-- Generated by org.testng.reporters.JUnitReportReporter -->
<testsuite skipped="0" hostname="Surajs-MacBook-Pro.local" name="com.qa.demoqa.tests.AlertFrameWindowsTest" tests="5" failures="0" timestamp="09 Aug 2020 11:15:09 GMT" time="25.771" errors="0">
  <testcase name="clickBrowserWindowsTest" time="5.184" classname="com.qa.demoqa.tests.AlertFrameWindowsTest"/>
  <testcase name="clickAlertTest" time="5.145" classname="com.qa.demoqa.tests.AlertFrameWindowsTest"/>
  <testcase name="clickFramesTest" time="5.151" classname="com.qa.demoqa.tests.AlertFrameWindowsTest"/>
  <testcase name="clickNestedFramesTest" time="5.144" classname="com.qa.demoqa.tests.AlertFrameWindowsTest"/>
  <testcase name="clickModalDialogsTest" time="5.147" classname="com.qa.demoqa.tests.AlertFrameWindowsTest"/>
</testsuite> <!-- com.qa.demoqa.tests.AlertFrameWindowsTest -->
