<?xml version="1.0" encoding="UTF-8"?>
<!-- Generated by org.testng.reporters.JUnitReportReporter -->
<testsuite skipped="0" hostname="Surajs-MacBook-Pro.local" name="com.qa.demoqa.tests.FormTest" tests="1" failures="0" timestamp="09 Aug 2020 11:15:29 GMT" time="5.103" errors="0">
  <testcase name="formClickTest" time="5.103" classname="com.qa.demoqa.tests.FormTest"/>
</testsuite> <!-- com.qa.demoqa.tests.FormTest -->
