<?xml version="1.0" encoding="UTF-8"?>
<!-- Generated by org.testng.reporters.JUnitReportReporter -->
<testsuite skipped="0" hostname="Surajs-MacBook-Pro.local" name="com.qa.demoqa.tests.InteractionsTest" tests="5" failures="0" timestamp="09 Aug 2020 11:15:24 GMT" time="25.210" errors="0">
  <testcase name="clickSortableTest" time="5.042" classname="com.qa.demoqa.tests.InteractionsTest"/>
  <testcase name="clickSelectableTest" time="5.040" classname="com.qa.demoqa.tests.InteractionsTest"/>
  <testcase name="clickResizableTest" time="5.039" classname="com.qa.demoqa.tests.InteractionsTest"/>
  <testcase name="clickDroppableTest" time="5.053" classname="com.qa.demoqa.tests.InteractionsTest"/>
  <testcase name="clickDraggableTest" time="5.036" classname="com.qa.demoqa.tests.InteractionsTest"/>
</testsuite> <!-- com.qa.demoqa.tests.InteractionsTest -->
