<?xml version="1.0" encoding="UTF-8"?>
<!-- Generated by org.testng.reporters.JUnitReportReporter -->
<testsuite skipped="0" hostname="Surajs-MacBook-Pro.local" name="com.qa.demoqa.tests.ElementsTest" tests="1" failures="0" timestamp="09 Aug 2020 11:15:19 GMT" time="5.081" errors="0">
  <testcase name="clickTextBoxTest" time="5.081" classname="com.qa.demoqa.tests.ElementsTest"/>
</testsuite> <!-- com.qa.demoqa.tests.ElementsTest -->
